<<<<<<< HEAD
2018-10-01-main-INFO -DB        :Driver Loaded
2018-10-01-main-INFO -DB        :Driver Loaded
2018-10-01-main-INFO -DB        :Driver Loaded
2018-10-01-main-INFO -DB        :Driver Loaded
2018-10-01-main-INFO -DB        :Driver Loaded
2018-10-01-main-INFO -DB        :Driver Loaded
2018-10-01-main-INFO -DB        :Driver Loaded
2018-10-01-main-INFO -DB        :Driver Loaded
2018-10-03-main-INFO -DB        :Driver Loaded
2018-10-03-main-INFO -DB        :Driver Loaded
2018-10-03-main-INFO -DB        :Driver Loaded
2018-10-03-main-INFO -DB        :Driver Loaded
2018-10-03-main-INFO -DB        :Driver Loaded
2018-10-03-main-INFO -DB        :Driver Loaded
2018-10-03-main-INFO -DB        :Driver Loaded
2018-10-03-main-INFO -DB        :Driver Loaded
2018-10-03-main-INFO -DB        :Driver Loaded
2018-10-03-main-INFO -DB        :Driver Loaded
2018-10-03-main-INFO -DB        :Driver Loaded
2018-10-03-main-INFO -DB        :Driver Loaded
2018-10-03-main-INFO -DB        :Driver Loaded
2018-10-03-main-INFO -DB        :Driver Loaded
2018-10-03-main-INFO -DB        :Driver Loaded
2018-10-03-main-INFO -DB        :Driver Loaded
2018-10-03-main-INFO -DB        :Driver Loaded
2018-10-03-main-INFO -DB        :Driver Loaded
2018-10-03-main-INFO -DB        :Driver Loaded
2018-10-03-main-INFO -DB        :Driver Loaded
2018-10-03-main-INFO -DB        :Driver Loaded
2018-10-03-main-INFO -DB        :Driver Loaded
2018-10-03-main-INFO -DB        :Driver Loaded
2018-10-03-main-INFO -DB        :Driver Loaded
2018-10-03-main-INFO -DB        :Driver Loaded
2018-10-03-main-INFO -DB        :Driver Loaded
2018-10-03-main-INFO -DB        :Driver Loaded
2018-10-03-main-INFO -DB        :Driver Loaded
2018-10-03-main-INFO -DB        :Driver Loaded
2018-10-03-main-INFO -DB        :Driver Loaded
2018-10-03-main-INFO -DB        :Driver Loaded
2018-10-03-main-INFO -DB        :Driver Loaded
2018-10-03-main-INFO -DB        :Driver Loaded
2018-10-03-main-INFO -DB        :Driver Loaded
2018-10-03-main-INFO -DB        :Driver Loaded
2018-10-03-main-INFO -DB        :Driver Loaded
2018-10-03-main-INFO -DB        :Driver Loaded
2018-10-03-main-INFO -DB        :Driver Loaded
2018-10-03-main-INFO -DB        :Driver Loaded
2018-10-03-main-INFO -DB        :Driver Loaded
2018-10-03-main-INFO -DB        :Driver Loaded
2018-10-04-main-INFO -DB        :Driver Loaded
2018-10-04-main-INFO -DB        :Driver Loaded
2018-10-04-main-INFO -DB        :Driver Loaded
2018-10-04-main-INFO -DB        :Driver Loaded
2018-10-04-main-INFO -DB        :Driver Loaded
2018-10-04-main-INFO -DB        :Driver Loaded
2018-10-04-main-INFO -DB        :Driver Loaded
2018-10-04-main-INFO -DB        :Driver Loaded
2018-10-04-main-INFO -DB        :Driver Loaded
2018-10-04-main-INFO -DB        :Driver Loaded
2018-10-04-main-INFO -DB        :Driver Loaded
2018-10-04-main-INFO -DB        :Driver Loaded
2018-10-04-main-INFO -DB        :Driver Loaded
2018-10-04-main-INFO -DB        :Driver Loaded
2018-10-04-main-INFO -DB        :Driver Loaded
2018-10-04-main-INFO -DB        :Driver Loaded
2018-10-04-main-INFO -DB        :Driver Loaded
2018-10-04-main-INFO -DB        :Driver Loaded
2018-10-04-main-INFO -DB        :Driver Loaded
2018-10-04-main-INFO -DB        :Driver Loaded
2018-10-04-main-INFO -DB        :Driver Loaded
2018-10-05-main-INFO -DB        :Driver Loaded
2018-10-05-main-INFO -DB        :Driver Loaded
2018-10-05-main-INFO -DB        :Driver Loaded
2018-10-05-main-INFO -DB        :Driver Loaded
2018-10-05-main-INFO -DB        :Driver Loaded
2018-10-05-main-INFO -DB        :Driver Loaded
2018-10-05-main-INFO -DB        :Driver Loaded
2018-10-05-main-INFO -DB        :Driver Loaded
2018-10-05-main-INFO -DB        :Driver Loaded
2018-10-05-main-INFO -DB        :Driver Loaded
2018-10-05-main-INFO -DB        :Driver Loaded
2018-10-05-main-INFO -DB        :Driver Loaded
2018-10-05-main-INFO -DB        :Driver Loaded
2018-10-06-main-INFO -DB        :Driver Loaded
2018-10-06-main-INFO -DB        :Driver Loaded
2018-10-06-main-INFO -DB        :Driver Loaded
2018-10-06-main-INFO -DB        :Driver Loaded
2018-10-06-main-INFO -DB        :Driver Loaded
2018-10-06-main-INFO -DB        :Driver Loaded
2018-10-06-main-INFO -DB        :Driver Loaded
2018-10-06-main-INFO -DB        :Driver Loaded
2018-10-06-main-INFO -DB        :Driver Loaded
2018-10-06-main-INFO -DB        :Driver Loaded
2018-10-06-main-INFO -DB        :Driver Loaded
2018-10-06-main-INFO -DB        :Driver Loaded
2018-10-08-main-INFO -DB        :Driver Loaded
2018-10-12-main-INFO -DB        :Driver Loaded
2018-10-12-main-INFO -DB        :Driver Loaded
2018-10-12-main-INFO -DB        :Driver Loaded
2018-10-12-main-INFO -DB        :Driver Loaded
2018-10-13-main-INFO -DB        :Driver Loaded
2018-10-13-main-INFO -DB        :Driver Loaded
2018-10-13-main-INFO -DB        :Driver Loaded
2018-10-13-main-INFO -DB        :Driver Loaded
2018-10-13-main-INFO -DB        :Driver Loaded
2018-10-13-main-INFO -DB        :Driver Loaded
2018-10-13-main-INFO -root      :Admin Console started...
2018-10-13-main-INFO -root      :Creating user Account
2018-10-13-main-INFO -Admin     :Admin Console started...
2018-10-13-main-INFO -Admin     :Creating user Account
2018-10-13-main-INFO -ClientMain:Banking Application Started
2018-10-13-main-INFO -ClientMain:Showing options to the customer
